<?xml version="1.0" encoding="utf-8"?>
<?xml-stylesheet type='text/xsl' href='.\XSL\style.xsl'?>
<TestResult>
  <ConfigSummary>
    <Field>
      <Argument>ConfigArgument1</Argument>
      <Value>ConfigValue1</Value>
    </Field>
    <Field>
      <Argument>ConfigArgument2</Argument>
      <Value>ConfigValue2</Value>
    </Field>
    <Field>
      <Argument>ConfigArgument3</Argument>
      <Value>ConfigValue3</Value>
    </Field>
    <Field>
      <Argument>ConfigArgument4</Argument>
      <Value>ConfigValue4</Value>
    </Field>
    <Field>
      <Argument>ConfigArgument5</Argument>
      <Value>ConfigValue5</Value>
    </Field>
    <Field>
      <Argument>ConfigArgument6</Argument>
      <Value>ConfigValue6</Value>
    </Field>
  </ConfigSummary>
  <TestSummary>
    <Field>
      <Argument>TestArgument1</Argument>
      <Value>TestValue1</Value>
    </Field>
    <Field>
      <Argument>TestArgument2</Argument>
      <Value>TestValue2</Value>
    </Field>
    <Field>
      <Argument>TestArgument3</Argument>
      <Value>TestValue3</Value>
    </Field>
    <Field>
      <Argument>TestArgument4</Argument>
      <Value>TestValue4</Value>
    </Field>
    <Field>
      <Argument>TestArgument5</Argument>
      <Value>TestValue5</Value>
    </Field>
    <Field>
      <Argument>TestArgument6</Argument>
      <Value>TestValue6</Value>
    </Field>
  </TestSummary>
  <ComponentSummary>
    <Field>
      <Action>订飞机票</Action>
      <Component_Name>OderFight</Component_Name>
      <Duration>12s</Duration>
      <Start_Time>14:00:00</Start_Time>
      <End_Time>14:00:12</End_Time>
      <Test_Step>12</Test_Step>
      <PASS>100%</PASS>
      <FAIL>0%</FAIL>
      <BLOCK>0%</BLOCK>
    </Field>
  </ComponentSummary>
  <TestComponent name="OderFight">
    <Step>
      <COMPONENT>OderFight</COMPONENT>
      <Test_Group>TestGroup</Test_Group>
      <Test_CaseID>1</Test_CaseID>
      <CASE_DESCRIPTION>登录后订飞机票</CASE_DESCRIPTION>
      <Expected>订票成功</Expected>
      <Result>Pass</Result>
      <Comment>Order number is: 54</Comment>
      <SCREENSHOT>C:\1.jpg</SCREENSHOT>
      <Start_Time>14:00:00</Start_Time>
      <End_Time>14:00:12</End_Time>
    </Step>
  </TestComponent>
</TestResult>